# JRE version: OpenJDK Runtime Environment (16.0.2+7) (build 16.0.2+7-67)
# Java VM: OpenJDK 64-Bit Server VM (16.0.2+7-67, mixed mode, sharing, tiered, compressed oops, compressed class ptrs, g1 gc, windows-amd64)
GC Precious Log:
 CPUs: 16 total, 16 available
 Memory: 15712M
 Large Page Support: Disabled
 NUMA Support: Disabled
 Compressed Oops: Enabled (Zero based)
 Heap Region Size: 2M
 Heap Min Capacity: 8M
 Heap Initial Capacity: 246M
 Heap Max Capacity: 3930M
 Pre-touch: Disabled
 Parallel Workers: 13
 Concurrent Workers: 3
 Concurrent Refinement Workers: 13
 Periodic GC: Disabled
Heap:
 garbage-first heap   total 251904K, used 3241K [0x000000070a600000, 0x0000000800000000)
  region size 2048K, 3 young (6144K), 2 survivors (4096K)
 Metaspace       used 11282K, committed 11520K, reserved 1064960K
  class space    used 1072K, committed 1216K, reserved 1048576K
GC Heap History (20 events):
Event: 23.566 GC heap before
{Heap before GC invocations=4 (full 0):
 garbage-first heap   total 251904K, used 148643K [0x000000070a600000, 0x0000000800000000)
  region size 2048K, 73 young (149504K), 2 survivors (4096K)
 Metaspace       used 11080K, committed 11328K, reserved 1064960K
  class space    used 1069K, committed 1216K, reserved 1048576K
}
Event: 23.568 GC heap after
{Heap after GC invocations=5 (full 0):
 garbage-first heap   total 251904K, used 3243K [0x000000070a600000, 0x0000000800000000)
  region size 2048K, 2 young (4096K), 2 survivors (4096K)
 Metaspace       used 11080K, committed 11328K, reserved 1064960K
  class space    used 1069K, committed 1216K, reserved 1048576K
}
Event: 24.426 GC heap before
{Heap before GC invocations=5 (full 0):
 garbage-first heap   total 251904K, used 148651K [0x000000070a600000, 0x0000000800000000)
  region size 2048K, 73 young (149504K), 2 survivors (4096K)
 Metaspace       used 11095K, committed 11392K, reserved 1064960K
  class space    used 1069K, committed 1216K, reserved 1048576K
}
Event: 24.428 GC heap after
{Heap after GC invocations=6 (full 0):
 garbage-first heap   total 251904K, used 3248K [0x000000070a600000, 0x0000000800000000)
  region size 2048K, 2 young (4096K), 2 survivors (4096K)
 Metaspace       used 11095K, committed 11392K, reserved 1064960K
  class space    used 1069K, committed 1216K, reserved 1048576K
}
Event: 25.275 GC heap before
{Heap before GC invocations=6 (full 0):
 garbage-first heap   total 251904K, used 148656K [0x000000070a600000, 0x0000000800000000)
  region size 2048K, 73 young (149504K), 2 survivors (4096K)
 Metaspace       used 11135K, committed 11392K, reserved 1064960K
  class space    used 1069K, committed 1216K, reserved 1048576K
}
Event: 25.278 GC heap after
{Heap after GC invocations=7 (full 0):
 garbage-first heap   total 251904K, used 3241K [0x000000070a600000, 0x0000000800000000)
  region size 2048K, 2 young (4096K), 2 survivors (4096K)
 Metaspace       used 11135K, committed 11392K, reserved 1064960K
  class space    used 1069K, committed 1216K, reserved 1048576K
}
Event: 26.143 GC heap before
{Heap before GC invocations=7 (full 0):
 garbage-first heap   total 251904K, used 148649K [0x000000070a600000, 0x0000000800000000)
  region size 2048K, 73 young (149504K), 2 survivors (4096K)
 Metaspace       used 11145K, committed 11392K, reserved 1064960K
  class space    used 1069K, committed 1216K, reserved 1048576K
}
Event: 26.145 GC heap after
{Heap after GC invocations=8 (full 0):
 garbage-first heap   total 251904K, used 3341K [0x000000070a600000, 0x0000000800000000)
  region size 2048K, 2 young (4096K), 2 survivors (4096K)
 Metaspace       used 11145K, committed 11392K, reserved 1064960K
  class space    used 1069K, committed 1216K, reserved 1048576K
}
Event: 27.008 GC heap before
{Heap before GC invocations=8 (full 0):
 garbage-first heap   total 251904K, used 148749K [0x000000070a600000, 0x0000000800000000)
  region size 2048K, 73 young (149504K), 2 survivors (4096K)
 Metaspace       used 11192K, committed 11392K, reserved 1064960K
  class space    used 1069K, committed 1216K, reserved 1048576K
}
Event: 27.011 GC heap after
{Heap after GC invocations=9 (full 0):
 garbage-first heap   total 251904K, used 3345K [0x000000070a600000, 0x0000000800000000)
  region size 2048K, 2 young (4096K), 2 survivors (4096K)
 Metaspace       used 11192K, committed 11392K, reserved 1064960K
  class space    used 1069K, committed 1216K, reserved 1048576K
}
Event: 27.883 GC heap before
{Heap before GC invocations=9 (full 0):
 garbage-first heap   total 251904K, used 148753K [0x000000070a600000, 0x0000000800000000)
  region size 2048K, 73 young (149504K), 2 survivors (4096K)
 Metaspace       used 11237K, committed 11520K, reserved 1064960K
  class space    used 1069K, committed 1216K, reserved 1048576K
}
Event: 27.885 GC heap after
{Heap after GC invocations=10 (full 0):
 garbage-first heap   total 251904K, used 3265K [0x000000070a600000, 0x0000000800000000)
  region size 2048K, 2 young (4096K), 2 survivors (4096K)
 Metaspace       used 11237K, committed 11520K, reserved 1064960K
  class space    used 1069K, committed 1216K, reserved 1048576K
}
Event: 28.748 GC heap before
{Heap before GC invocations=10 (full 0):
 garbage-first heap   total 251904K, used 148673K [0x000000070a600000, 0x0000000800000000)
  region size 2048K, 73 young (149504K), 2 survivors (4096K)
 Metaspace       used 11252K, committed 11520K, reserved 1064960K
  class space    used 1072K, committed 1216K, reserved 1048576K
}
Event: 28.751 GC heap after
{Heap after GC invocations=11 (full 0):
 garbage-first heap   total 251904K, used 3255K [0x000000070a600000, 0x0000000800000000)
  region size 2048K, 2 young (4096K), 2 survivors (4096K)
 Metaspace       used 11252K, committed 11520K, reserved 1064960K
  class space    used 1072K, committed 1216K, reserved 1048576K
}
Event: 29.615 GC heap before
{Heap before GC invocations=11 (full 0):
 garbage-first heap   total 251904K, used 148663K [0x000000070a600000, 0x0000000800000000)
  region size 2048K, 73 young (149504K), 2 survivors (4096K)
 Metaspace       used 11252K, committed 11520K, reserved 1064960K
  class space    used 1072K, committed 1216K, reserved 1048576K
}
Event: 29.618 GC heap after
{Heap after GC invocations=12 (full 0):
 garbage-first heap   total 251904K, used 3254K [0x000000070a600000, 0x0000000800000000)
  region size 2048K, 2 young (4096K), 2 survivors (4096K)
 Metaspace       used 11252K, committed 11520K, reserved 1064960K
  class space    used 1072K, committed 1216K, reserved 1048576K
}
Event: 30.479 GC heap before
{Heap before GC invocations=12 (full 0):
 garbage-first heap   total 251904K, used 148662K [0x000000070a600000, 0x0000000800000000)
  region size 2048K, 73 young (149504K), 2 survivors (4096K)
 Metaspace       used 11262K, committed 11520K, reserved 1064960K
  class space    used 1072K, committed 1216K, reserved 1048576K
}
Event: 30.482 GC heap after
{Heap after GC invocations=13 (full 0):
 garbage-first heap   total 251904K, used 3244K [0x000000070a600000, 0x0000000800000000)
  region size 2048K, 2 young (4096K), 2 survivors (4096K)
 Metaspace       used 11262K, committed 11520K, reserved 1064960K
  class space    used 1072K, committed 1216K, reserved 1048576K
}
Event: 31.338 GC heap before
{Heap before GC invocations=13 (full 0):
 garbage-first heap   total 251904K, used 148652K [0x000000070a600000, 0x0000000800000000)
  region size 2048K, 73 young (149504K), 2 survivors (4096K)
 Metaspace       used 11282K, committed 11520K, reserved 1064960K
  class space    used 1072K, committed 1216K, reserved 1048576K
}
Event: 31.341 GC heap after
{Heap after GC invocations=14 (full 0):
 garbage-first heap   total 251904K, used 3241K [0x000000070a600000, 0x0000000800000000)
  region size 2048K, 2 young (4096K), 2 survivors (4096K)
 Metaspace       used 11282K, committed 11520K, reserved 1064960K
  class space    used 1072K, committed 1216K, reserved 1048576K
}

