# JRE version: OpenJDK Runtime Environment (16.0.2+7) (build 16.0.2+7-67)
# Java VM: OpenJDK 64-Bit Server VM (16.0.2+7-67, mixed mode, sharing, tiered, compressed oops, compressed class ptrs, g1 gc, windows-amd64)
GC Precious Log:
 CPUs: 16 total, 16 available
 Memory: 15712M
 Large Page Support: Disabled
 NUMA Support: Disabled
 Compressed Oops: Enabled (Zero based)
 Heap Region Size: 2M
 Heap Min Capacity: 8M
 Heap Initial Capacity: 246M
 Heap Max Capacity: 3930M
 Pre-touch: Disabled
 Parallel Workers: 13
 Concurrent Workers: 3
 Concurrent Refinement Workers: 13
 Periodic GC: Disabled
Heap:
 garbage-first heap   total 251904K, used 3411K [0x000000070a600000, 0x0000000800000000)
  region size 2048K, 2 young (4096K), 1 survivors (2048K)
 Metaspace       used 11429K, committed 11648K, reserved 1064960K
  class space    used 1072K, committed 1216K, reserved 1048576K
GC Heap History (20 events):
Event: 35.680 GC heap before
{Heap before GC invocations=9 (full 0):
 garbage-first heap   total 251904K, used 148672K [0x000000070a600000, 0x0000000800000000)
  region size 2048K, 73 young (149504K), 2 survivors (4096K)
 Metaspace       used 11246K, committed 11520K, reserved 1064960K
  class space    used 1072K, committed 1216K, reserved 1048576K
}
Event: 35.683 GC heap after
{Heap after GC invocations=10 (full 0):
 garbage-first heap   total 251904K, used 3243K [0x000000070a600000, 0x0000000800000000)
  region size 2048K, 2 young (4096K), 2 survivors (4096K)
 Metaspace       used 11246K, committed 11520K, reserved 1064960K
  class space    used 1072K, committed 1216K, reserved 1048576K
}
Event: 36.559 GC heap before
{Heap before GC invocations=10 (full 0):
 garbage-first heap   total 251904K, used 148651K [0x000000070a600000, 0x0000000800000000)
  region size 2048K, 73 young (149504K), 2 survivors (4096K)
 Metaspace       used 11257K, committed 11520K, reserved 1064960K
  class space    used 1072K, committed 1216K, reserved 1048576K
}
Event: 36.562 GC heap after
{Heap after GC invocations=11 (full 0):
 garbage-first heap   total 251904K, used 3148K [0x000000070a600000, 0x0000000800000000)
  region size 2048K, 2 young (4096K), 2 survivors (4096K)
 Metaspace       used 11257K, committed 11520K, reserved 1064960K
  class space    used 1072K, committed 1216K, reserved 1048576K
}
Event: 37.438 GC heap before
{Heap before GC invocations=11 (full 0):
 garbage-first heap   total 251904K, used 148556K [0x000000070a600000, 0x0000000800000000)
  region size 2048K, 73 young (149504K), 2 survivors (4096K)
 Metaspace       used 11261K, committed 11520K, reserved 1064960K
  class space    used 1072K, committed 1216K, reserved 1048576K
}
Event: 37.441 GC heap after
{Heap after GC invocations=12 (full 0):
 garbage-first heap   total 251904K, used 3169K [0x000000070a600000, 0x0000000800000000)
  region size 2048K, 2 young (4096K), 2 survivors (4096K)
 Metaspace       used 11261K, committed 11520K, reserved 1064960K
  class space    used 1072K, committed 1216K, reserved 1048576K
}
Event: 38.312 GC heap before
{Heap before GC invocations=12 (full 0):
 garbage-first heap   total 251904K, used 148577K [0x000000070a600000, 0x0000000800000000)
  region size 2048K, 73 young (149504K), 2 survivors (4096K)
 Metaspace       used 11284K, committed 11520K, reserved 1064960K
  class space    used 1072K, committed 1216K, reserved 1048576K
}
Event: 38.315 GC heap after
{Heap after GC invocations=13 (full 0):
 garbage-first heap   total 251904K, used 3234K [0x000000070a600000, 0x0000000800000000)
  region size 2048K, 2 young (4096K), 2 survivors (4096K)
 Metaspace       used 11284K, committed 11520K, reserved 1064960K
  class space    used 1072K, committed 1216K, reserved 1048576K
}
Event: 39.200 GC heap before
{Heap before GC invocations=13 (full 0):
 garbage-first heap   total 251904K, used 148642K [0x000000070a600000, 0x0000000800000000)
  region size 2048K, 73 young (149504K), 2 survivors (4096K)
 Metaspace       used 11286K, committed 11520K, reserved 1064960K
  class space    used 1072K, committed 1216K, reserved 1048576K
}
Event: 39.203 GC heap after
{Heap after GC invocations=14 (full 0):
 garbage-first heap   total 251904K, used 3248K [0x000000070a600000, 0x0000000800000000)
  region size 2048K, 2 young (4096K), 2 survivors (4096K)
 Metaspace       used 11286K, committed 11520K, reserved 1064960K
  class space    used 1072K, committed 1216K, reserved 1048576K
}
Event: 40.134 GC heap before
{Heap before GC invocations=14 (full 0):
 garbage-first heap   total 251904K, used 148656K [0x000000070a600000, 0x0000000800000000)
  region size 2048K, 73 young (149504K), 2 survivors (4096K)
 Metaspace       used 11294K, committed 11520K, reserved 1064960K
  class space    used 1072K, committed 1216K, reserved 1048576K
}
Event: 40.137 GC heap after
{Heap after GC invocations=15 (full 0):
 garbage-first heap   total 251904K, used 3237K [0x000000070a600000, 0x0000000800000000)
  region size 2048K, 2 young (4096K), 2 survivors (4096K)
 Metaspace       used 11294K, committed 11520K, reserved 1064960K
  class space    used 1072K, committed 1216K, reserved 1048576K
}
Event: 41.075 GC heap before
{Heap before GC invocations=15 (full 0):
 garbage-first heap   total 251904K, used 148645K [0x000000070a600000, 0x0000000800000000)
  region size 2048K, 73 young (149504K), 2 survivors (4096K)
 Metaspace       used 11309K, committed 11584K, reserved 1064960K
  class space    used 1072K, committed 1216K, reserved 1048576K
}
Event: 41.078 GC heap after
{Heap after GC invocations=16 (full 0):
 garbage-first heap   total 251904K, used 3467K [0x000000070a600000, 0x0000000800000000)
  region size 2048K, 1 young (2048K), 1 survivors (2048K)
 Metaspace       used 11309K, committed 11584K, reserved 1064960K
  class space    used 1072K, committed 1216K, reserved 1048576K
}
Event: 41.972 GC heap before
{Heap before GC invocations=16 (full 0):
 garbage-first heap   total 251904K, used 150923K [0x000000070a600000, 0x0000000800000000)
  region size 2048K, 73 young (149504K), 1 survivors (2048K)
 Metaspace       used 11410K, committed 11648K, reserved 1064960K
  class space    used 1072K, committed 1216K, reserved 1048576K
}
Event: 41.973 GC heap after
{Heap after GC invocations=17 (full 0):
 garbage-first heap   total 251904K, used 3479K [0x000000070a600000, 0x0000000800000000)
  region size 2048K, 1 young (2048K), 1 survivors (2048K)
 Metaspace       used 11410K, committed 11648K, reserved 1064960K
  class space    used 1072K, committed 1216K, reserved 1048576K
}
Event: 42.866 GC heap before
{Heap before GC invocations=17 (full 0):
 garbage-first heap   total 251904K, used 150935K [0x000000070a600000, 0x0000000800000000)
  region size 2048K, 73 young (149504K), 1 survivors (2048K)
 Metaspace       used 11411K, committed 11648K, reserved 1064960K
  class space    used 1072K, committed 1216K, reserved 1048576K
}
Event: 42.867 GC heap after
{Heap after GC invocations=18 (full 0):
 garbage-first heap   total 251904K, used 3421K [0x000000070a600000, 0x0000000800000000)
  region size 2048K, 1 young (2048K), 1 survivors (2048K)
 Metaspace       used 11411K, committed 11648K, reserved 1064960K
  class space    used 1072K, committed 1216K, reserved 1048576K
}
Event: 43.740 GC heap before
{Heap before GC invocations=18 (full 0):
 garbage-first heap   total 251904K, used 150877K [0x000000070a600000, 0x0000000800000000)
  region size 2048K, 73 young (149504K), 1 survivors (2048K)
 Metaspace       used 11429K, committed 11648K, reserved 1064960K
  class space    used 1072K, committed 1216K, reserved 1048576K
}
Event: 43.741 GC heap after
{Heap after GC invocations=19 (full 0):
 garbage-first heap   total 251904K, used 3411K [0x000000070a600000, 0x0000000800000000)
  region size 2048K, 1 young (2048K), 1 survivors (2048K)
 Metaspace       used 11429K, committed 11648K, reserved 1064960K
  class space    used 1072K, committed 1216K, reserved 1048576K
}

