# JRE version: OpenJDK Runtime Environment (16.0.2+7) (build 16.0.2+7-67)
# Java VM: OpenJDK 64-Bit Server VM (16.0.2+7-67, mixed mode, sharing, tiered, compressed oops, compressed class ptrs, g1 gc, windows-amd64)
GC Precious Log:
 CPUs: 16 total, 16 available
 Memory: 15712M
 Large Page Support: Disabled
 NUMA Support: Disabled
 Compressed Oops: Enabled (Zero based)
 Heap Region Size: 2M
 Heap Min Capacity: 8M
 Heap Initial Capacity: 246M
 Heap Max Capacity: 3930M
 Pre-touch: Disabled
 Parallel Workers: 13
 Concurrent Workers: 3
 Concurrent Refinement Workers: 13
 Periodic GC: Disabled
Heap:
 garbage-first heap   total 251904K, used 3244K [0x00000004dc400000, 0x00000005d1e00000)
  region size 2048K, 3 young (6144K), 2 survivors (4096K)
 Metaspace       used 11300K, committed 11520K, reserved 1064960K
  class space    used 1071K, committed 1216K, reserved 1048576K
GC Heap History (20 events):
Event: 41.014 GC heap before
{Heap before GC invocations=3 (full 0):
 garbage-first heap   total 251904K, used 148605K [0x00000004dc400000, 0x00000005d1e00000)
  region size 2048K, 73 young (149504K), 2 survivors (4096K)
 Metaspace       used 11074K, committed 11264K, reserved 1064960K
  class space    used 1071K, committed 1216K, reserved 1048576K
}
Event: 41.016 GC heap after
{Heap after GC invocations=4 (full 0):
 garbage-first heap   total 251904K, used 3224K [0x00000004dc400000, 0x00000005d1e00000)
  region size 2048K, 2 young (4096K), 2 survivors (4096K)
 Metaspace       used 11074K, committed 11264K, reserved 1064960K
  class space    used 1071K, committed 1216K, reserved 1048576K
}
Event: 41.877 GC heap before
{Heap before GC invocations=4 (full 0):
 garbage-first heap   total 251904K, used 148632K [0x00000004dc400000, 0x00000005d1e00000)
  region size 2048K, 73 young (149504K), 2 survivors (4096K)
 Metaspace       used 11118K, committed 11392K, reserved 1064960K
  class space    used 1071K, committed 1216K, reserved 1048576K
}
Event: 41.880 GC heap after
{Heap after GC invocations=5 (full 0):
 garbage-first heap   total 251904K, used 3323K [0x00000004dc400000, 0x00000005d1e00000)
  region size 2048K, 2 young (4096K), 2 survivors (4096K)
 Metaspace       used 11118K, committed 11392K, reserved 1064960K
  class space    used 1071K, committed 1216K, reserved 1048576K
}
Event: 42.739 GC heap before
{Heap before GC invocations=5 (full 0):
 garbage-first heap   total 251904K, used 148731K [0x00000004dc400000, 0x00000005d1e00000)
  region size 2048K, 73 young (149504K), 2 survivors (4096K)
 Metaspace       used 11132K, committed 11392K, reserved 1064960K
  class space    used 1071K, committed 1216K, reserved 1048576K
}
Event: 42.742 GC heap after
{Heap after GC invocations=6 (full 0):
 garbage-first heap   total 251904K, used 3236K [0x00000004dc400000, 0x00000005d1e00000)
  region size 2048K, 2 young (4096K), 2 survivors (4096K)
 Metaspace       used 11132K, committed 11392K, reserved 1064960K
  class space    used 1071K, committed 1216K, reserved 1048576K
}
Event: 43.612 GC heap before
{Heap before GC invocations=6 (full 0):
 garbage-first heap   total 251904K, used 148644K [0x00000004dc400000, 0x00000005d1e00000)
  region size 2048K, 73 young (149504K), 2 survivors (4096K)
 Metaspace       used 11204K, committed 11456K, reserved 1064960K
  class space    used 1071K, committed 1216K, reserved 1048576K
}
Event: 43.615 GC heap after
{Heap after GC invocations=7 (full 0):
 garbage-first heap   total 251904K, used 3169K [0x00000004dc400000, 0x00000005d1e00000)
  region size 2048K, 2 young (4096K), 2 survivors (4096K)
 Metaspace       used 11204K, committed 11456K, reserved 1064960K
  class space    used 1071K, committed 1216K, reserved 1048576K
}
Event: 44.486 GC heap before
{Heap before GC invocations=7 (full 0):
 garbage-first heap   total 251904K, used 148577K [0x00000004dc400000, 0x00000005d1e00000)
  region size 2048K, 73 young (149504K), 2 survivors (4096K)
 Metaspace       used 11220K, committed 11456K, reserved 1064960K
  class space    used 1071K, committed 1216K, reserved 1048576K
}
Event: 44.488 GC heap after
{Heap after GC invocations=8 (full 0):
 garbage-first heap   total 251904K, used 3330K [0x00000004dc400000, 0x00000005d1e00000)
  region size 2048K, 2 young (4096K), 2 survivors (4096K)
 Metaspace       used 11220K, committed 11456K, reserved 1064960K
  class space    used 1071K, committed 1216K, reserved 1048576K
}
Event: 45.352 GC heap before
{Heap before GC invocations=8 (full 0):
 garbage-first heap   total 251904K, used 148738K [0x00000004dc400000, 0x00000005d1e00000)
  region size 2048K, 73 young (149504K), 2 survivors (4096K)
 Metaspace       used 11232K, committed 11456K, reserved 1064960K
  class space    used 1071K, committed 1216K, reserved 1048576K
}
Event: 45.355 GC heap after
{Heap after GC invocations=9 (full 0):
 garbage-first heap   total 251904K, used 3251K [0x00000004dc400000, 0x00000005d1e00000)
  region size 2048K, 2 young (4096K), 2 survivors (4096K)
 Metaspace       used 11232K, committed 11456K, reserved 1064960K
  class space    used 1071K, committed 1216K, reserved 1048576K
}
Event: 46.221 GC heap before
{Heap before GC invocations=9 (full 0):
 garbage-first heap   total 251904K, used 148659K [0x00000004dc400000, 0x00000005d1e00000)
  region size 2048K, 73 young (149504K), 2 survivors (4096K)
 Metaspace       used 11268K, committed 11520K, reserved 1064960K
  class space    used 1071K, committed 1216K, reserved 1048576K
}
Event: 46.224 GC heap after
{Heap after GC invocations=10 (full 0):
 garbage-first heap   total 251904K, used 3275K [0x00000004dc400000, 0x00000005d1e00000)
  region size 2048K, 2 young (4096K), 2 survivors (4096K)
 Metaspace       used 11268K, committed 11520K, reserved 1064960K
  class space    used 1071K, committed 1216K, reserved 1048576K
}
Event: 47.089 GC heap before
{Heap before GC invocations=10 (full 0):
 garbage-first heap   total 251904K, used 148683K [0x00000004dc400000, 0x00000005d1e00000)
  region size 2048K, 73 young (149504K), 2 survivors (4096K)
 Metaspace       used 11268K, committed 11520K, reserved 1064960K
  class space    used 1071K, committed 1216K, reserved 1048576K
}
Event: 47.091 GC heap after
{Heap after GC invocations=11 (full 0):
 garbage-first heap   total 251904K, used 3276K [0x00000004dc400000, 0x00000005d1e00000)
  region size 2048K, 2 young (4096K), 2 survivors (4096K)
 Metaspace       used 11268K, committed 11520K, reserved 1064960K
  class space    used 1071K, committed 1216K, reserved 1048576K
}
Event: 47.964 GC heap before
{Heap before GC invocations=11 (full 0):
 garbage-first heap   total 251904K, used 148684K [0x00000004dc400000, 0x00000005d1e00000)
  region size 2048K, 73 young (149504K), 2 survivors (4096K)
 Metaspace       used 11270K, committed 11520K, reserved 1064960K
  class space    used 1071K, committed 1216K, reserved 1048576K
}
Event: 47.967 GC heap after
{Heap after GC invocations=12 (full 0):
 garbage-first heap   total 251904K, used 3337K [0x00000004dc400000, 0x00000005d1e00000)
  region size 2048K, 2 young (4096K), 2 survivors (4096K)
 Metaspace       used 11270K, committed 11520K, reserved 1064960K
  class space    used 1071K, committed 1216K, reserved 1048576K
}
Event: 48.837 GC heap before
{Heap before GC invocations=12 (full 0):
 garbage-first heap   total 251904K, used 148745K [0x00000004dc400000, 0x00000005d1e00000)
  region size 2048K, 73 young (149504K), 2 survivors (4096K)
 Metaspace       used 11300K, committed 11520K, reserved 1064960K
  class space    used 1071K, committed 1216K, reserved 1048576K
}
Event: 48.839 GC heap after
{Heap after GC invocations=13 (full 0):
 garbage-first heap   total 251904K, used 3244K [0x00000004dc400000, 0x00000005d1e00000)
  region size 2048K, 2 young (4096K), 2 survivors (4096K)
 Metaspace       used 11300K, committed 11520K, reserved 1064960K
  class space    used 1071K, committed 1216K, reserved 1048576K
}

